Added Component: Designator=C1(0805)
Added Component: Designator=C4(3216C)
Added Component: Designator=C5(0805)
Added Component: Designator=C6(0805)
Added Component: Designator=C7(0805)
Added Component: Designator=C8(0805)
Added Component: Designator=C9(3216C)
Added Component: Designator=C10(0805)
Added Component: Designator=C11(0805)
Added Component: Designator=C12(3216C)
Added Component: Designator=C13(3216C)
Added Component: Designator=C14(3216C)
Added Component: Designator=C15(3216C)
Added Component: Designator=C16(0805)
Added Component: Designator=C17(0805)
Added Component: Designator=C18(0805)
Added Component: Designator=C19(0805)
Added Component: Designator=C20(0805)
Added Component: Designator=C21(CD0.1)
Added Component: Designator=C22(0805)
Added Component: Designator=C23(0805)
Added Component: Designator=C24(cd0.1)
Added Component: Designator=D1(0805D)
Added Component: Designator=D2(0805D)
Added Component: Designator=P1(USBA)
Added Component: Designator=P2(USBA)
Added Component: Designator=P3(USBA)
Added Component: Designator=R1(0805)
Added Component: Designator=R4(0805)
Added Component: Designator=R5(0805)
Added Component: Designator=R10(3216C)
Added Component: Designator=U1(Micro-USB)
Added Component: Designator=U2(LQFP-48_M)
Added Component: Designator=U3(SSOP24)
Added Component: Designator=U4(SOT-223)
Added Component: Designator=U5(3.3_S)
Added Component: Designator=X1(XTAL)
Added Component: Designator=Y1(3225_ÎÞÔ´)
Added Pin To Net: NetName=+5 Pin=C4-1
Added Pin To Net: NetName=+5 Pin=C9-1
Added Pin To Net: NetName=+5 Pin=C12-1
Added Pin To Net: NetName=+5 Pin=C21-1
Added Pin To Net: NetName=+5 Pin=C22-1
Added Pin To Net: NetName=+5 Pin=P1-1
Added Pin To Net: NetName=+5 Pin=P2-1
Added Pin To Net: NetName=+5 Pin=P3-1
Added Pin To Net: NetName=+5 Pin=R10-2
Added Pin To Net: NetName=+5 Pin=U5-3
Added Net: Name=+5
Added Pin To Net: NetName=GND Pin=C1-2
Added Pin To Net: NetName=GND Pin=C4-2
Added Pin To Net: NetName=GND Pin=C5-2
Added Pin To Net: NetName=GND Pin=C6-2
Added Pin To Net: NetName=GND Pin=C7-2
Added Pin To Net: NetName=GND Pin=C8-2
Added Pin To Net: NetName=GND Pin=C9-2
Added Pin To Net: NetName=GND Pin=C10-2
Added Pin To Net: NetName=GND Pin=C11-2
Added Pin To Net: NetName=GND Pin=C12-2
Added Pin To Net: NetName=GND Pin=C13-2
Added Pin To Net: NetName=GND Pin=C14-2
Added Pin To Net: NetName=GND Pin=C15-2
Added Pin To Net: NetName=GND Pin=C16-1
Added Pin To Net: NetName=GND Pin=C17-1
Added Pin To Net: NetName=GND Pin=C18-1
Added Pin To Net: NetName=GND Pin=C19-1
Added Pin To Net: NetName=GND Pin=C20-1
Added Pin To Net: NetName=GND Pin=C21-2
Added Pin To Net: NetName=GND Pin=C22-2
Added Pin To Net: NetName=GND Pin=C23-2
Added Pin To Net: NetName=GND Pin=C24-2
Added Pin To Net: NetName=GND Pin=P1-4
Added Pin To Net: NetName=GND Pin=P1-5
Added Pin To Net: NetName=GND Pin=P1-6
Added Pin To Net: NetName=GND Pin=P2-4
Added Pin To Net: NetName=GND Pin=P2-5
Added Pin To Net: NetName=GND Pin=P2-6
Added Pin To Net: NetName=GND Pin=P3-4
Added Pin To Net: NetName=GND Pin=P3-5
Added Pin To Net: NetName=GND Pin=P3-6
Added Pin To Net: NetName=GND Pin=U1-5
Added Pin To Net: NetName=GND Pin=U1-S1
Added Pin To Net: NetName=GND Pin=U1-S2
Added Pin To Net: NetName=GND Pin=U1-S3
Added Pin To Net: NetName=GND Pin=U1-S4
Added Pin To Net: NetName=GND Pin=U2-23
Added Pin To Net: NetName=GND Pin=U2-35
Added Pin To Net: NetName=GND Pin=U2-44
Added Pin To Net: NetName=GND Pin=U2-47
Added Pin To Net: NetName=GND Pin=U3-1
Added Pin To Net: NetName=GND Pin=U3-2
Added Pin To Net: NetName=GND Pin=U3-21
Added Pin To Net: NetName=GND Pin=U4-1
Added Pin To Net: NetName=GND Pin=U5-1
Added Net: Name=GND
Added Pin To Net: NetName=INT# Pin=U3-24
Added Net: Name=INT#
Added Pin To Net: NetName=NetC1_1 Pin=C1-1
Added Pin To Net: NetName=NetC1_1 Pin=R1-1
Added Pin To Net: NetName=NetC1_1 Pin=U2-7
Added Net: Name=NetC1_1
Added Pin To Net: NetName=NetD1_K Pin=R4-2
Added Net: Name=NetD1_K
Added Pin To Net: NetName=NetD2_K Pin=R5-2
Added Net: Name=NetD2_K
Added Pin To Net: NetName=NetR2_1 Pin=U1-2
Added Net: Name=NetR2_1
Added Pin To Net: NetName=NetR3_1 Pin=U1-3
Added Net: Name=NetR3_1
Added Pin To Net: NetName=NetR4_1 Pin=R4-1
Added Pin To Net: NetName=NetR4_1 Pin=U2-18
Added Net: Name=NetR4_1
Added Pin To Net: NetName=NetR5_1 Pin=R5-1
Added Pin To Net: NetName=NetR5_1 Pin=U2-19
Added Net: Name=NetR5_1
Added Pin To Net: NetName=SCK Pin=U2-15
Added Pin To Net: NetName=SCK Pin=U3-18
Added Net: Name=SCK
Added Pin To Net: NetName=SCS Pin=U2-14
Added Pin To Net: NetName=SCS Pin=U3-16
Added Net: Name=SCS
Added Pin To Net: NetName=SDI Pin=U2-17
Added Pin To Net: NetName=SDI Pin=U3-19
Added Net: Name=SDI
Added Pin To Net: NetName=SDO Pin=U2-16
Added Pin To Net: NetName=SDO Pin=U3-20
Added Net: Name=SDO
Added Pin To Net: NetName=SWCLK Pin=U2-37
Added Net: Name=SWCLK
Added Pin To Net: NetName=SWDIO Pin=U2-34
Added Net: Name=SWDIO
Added Pin To Net: NetName=UD1+ Pin=P2-3
Added Pin To Net: NetName=UD1+ Pin=U3-9
Added Net: Name=UD1+
Added Pin To Net: NetName=UD1- Pin=P2-2
Added Pin To Net: NetName=UD1- Pin=U3-10
Added Net: Name=UD1-
Added Pin To Net: NetName=UD2+ Pin=P3-3
Added Pin To Net: NetName=UD2+ Pin=U3-3
Added Net: Name=UD2+
Added Pin To Net: NetName=UD2- Pin=P3-2
Added Pin To Net: NetName=UD2- Pin=U3-4
Added Net: Name=UD2-
Added Pin To Net: NetName=UD+ Pin=P1-3
Added Pin To Net: NetName=UD+ Pin=U3-7
Added Net: Name=UD+
Added Pin To Net: NetName=UD- Pin=P1-2
Added Pin To Net: NetName=UD- Pin=U3-8
Added Net: Name=UD-
Added Pin To Net: NetName=USB_5V Pin=C15-1
Added Pin To Net: NetName=USB_5V Pin=R10-1
Added Pin To Net: NetName=USB_5V Pin=U1-1
Added Pin To Net: NetName=USB_5V Pin=U4-3
Added Net: Name=USB_5V
Added Pin To Net: NetName=USB_DM Pin=U2-32
Added Net: Name=USB_DM
Added Pin To Net: NetName=USB_DP Pin=U2-33
Added Net: Name=USB_DP
Added Pin To Net: NetName=VCC Pin=C5-1
Added Pin To Net: NetName=VCC Pin=C8-1
Added Pin To Net: NetName=VCC Pin=C13-1
Added Pin To Net: NetName=VCC Pin=C14-1
Added Pin To Net: NetName=VCC Pin=C16-2
Added Pin To Net: NetName=VCC Pin=C17-2
Added Pin To Net: NetName=VCC Pin=C18-2
Added Pin To Net: NetName=VCC Pin=C19-2
Added Pin To Net: NetName=VCC Pin=C20-2
Added Pin To Net: NetName=VCC Pin=C23-1
Added Pin To Net: NetName=VCC Pin=C24-1
Added Pin To Net: NetName=VCC Pin=R1-2
Added Pin To Net: NetName=VCC Pin=U2-8
Added Pin To Net: NetName=VCC Pin=U2-9
Added Pin To Net: NetName=VCC Pin=U2-24
Added Pin To Net: NetName=VCC Pin=U2-36
Added Pin To Net: NetName=VCC Pin=U2-48
Added Pin To Net: NetName=VCC Pin=U3-6
Added Pin To Net: NetName=VCC Pin=U3-22
Added Pin To Net: NetName=VCC Pin=U3-23
Added Pin To Net: NetName=VCC Pin=U4-2
Added Pin To Net: NetName=VCC Pin=U5-2
Added Net: Name=VCC
Added Pin To Net: NetName=XIN Pin=C6-1
Added Pin To Net: NetName=XIN Pin=U2-5
Added Pin To Net: NetName=XIN Pin=Y1-2
Added Net: Name=XIN
Added Pin To Net: NetName=XI Pin=C10-1
Added Pin To Net: NetName=XI Pin=U3-11
Added Pin To Net: NetName=XI Pin=X1-1
Added Net: Name=XI
Added Pin To Net: NetName=XO Pin=C11-1
Added Pin To Net: NetName=XO Pin=U3-12
Added Pin To Net: NetName=XO Pin=X1-2
Added Net: Name=XO
Added Pin To Net: NetName=XOUT Pin=C7-1
Added Pin To Net: NetName=XOUT Pin=U2-6
Added Pin To Net: NetName=XOUT Pin=Y1-1
Added Net: Name=XOUT
Added Class: Name=Í¸´«°å
