Change Component Designator: Old Designator=C1 New Designator=C8
Change Component Designator: Old Designator=C2 New Designator=C5
Change Component Designator: Old Designator=C3 New Designator=C10
Change Component Designator: Old Designator=C4 New Designator=C11
Change Component Designator: Old Designator=C5 New Designator=C4
Change Component Designator: Old Designator=C6 New Designator=C9
Change Component Designator: Old Designator=C6 New Designator=C13
Change Component Designator: Old Designator=C7 New Designator=C12
Change Component Designator: Old Designator=C7 New Designator=C14
Change Component Designator: Old Designator=C8 New Designator=C15
Change Component Designator: Old Designator=C8 New Designator=C16
Change Component Designator: Old Designator=C9 New Designator=C17
Change Component Designator: Old Designator=C10 New Designator=C18
Change Component Designator: Old Designator=C11 New Designator=C2
Change Component Designator: Old Designator=C11 New Designator=C19
Change Component Designator: Old Designator=C12 New Designator=C3
Change Component Designator: Old Designator=C46 New Designator=C1
Change Component Designator: Old Designator=C46 New Designator=C6
Change Component Designator: Old Designator=C53 New Designator=C7
Change Component Designator: Old Designator=P0 New Designator=P1
Change Component Designator: Old Designator=P1 New Designator=P2
Change Component Designator: Old Designator=P2 New Designator=P3
Change Component Designator: Old Designator=R21 New Designator=R2
Change Component Designator: Old Designator=R22 New Designator=R3
Change Component Designator: Old Designator=R? New Designator=R1
Change Component Designator: Old Designator=U1 New Designator=U3
Change Component Designator: Old Designator=U2 New Designator=U4
Change Component Designator: Old Designator=U2 New Designator=U5
Change Component Designator: Old Designator=U7 New Designator=U1
Change Component Designator: Old Designator=U? New Designator=U2
